project/FriendlyReminder/app/build/outputs/logs/manifest-merger-debug-report.txt
-- Merging decision tree log ---
manifest
ADDED from src\main\AndroidManifest.xml:2:1-111:12
INJECTED from src\main\AndroidManifest.xml:2:1-111:12
INJECTED from src\main\AndroidManifest.xml:2:1-111:12
INJECTED from src\main\AndroidManifest.xml:2:1-111:12
INJECTED from src\main\AndroidManifest.xml:2:1-111:12
INJECTED from src\main\AndroidManifest.xml:2:1-111:12
INJECTED from src\main\AndroidManifest.xml:2:1-111:12
	package
		ADDED from src\main\AndroidManifest.xml:3:5-41
		INJECTED from src\main\AndroidManifest.xml
		INJECTED from src\main\AndroidManifest.xml
	android:versionName
		ADDED from src\main\AndroidManifest.xml:5:5-30
		INJECTED from src\main\AndroidManifest.xml
		INJECTED from src\main\AndroidManifest.xml
	xmlns:android
		ADDED from src\main\AndroidManifest.xml:2:11-69
	android:versionCode
		ADDED from src\main\AndroidManifest.xml:4:5-28
		INJECTED from src\main\AndroidManifest.xml
		INJECTED from src\main\AndroidManifest.xml
uses-sdk
ADDED from src\main\AndroidManifest.xml:7:5-9:41
INJECTED from src\main\AndroidManifest.xml:7:5-9:41
INJECTED from src\main\AndroidManifest.xml:7:5-9:41
INJECTED from src\main\AndroidManifest.xml:7:5-9:41
INJECTED from src\main\AndroidManifest.xml:7:5-9:41
	android:targetSdkVersion
		ADDED from src\main\AndroidManifest.xml:9:9-38
		INJECTED from src\main\AndroidManifest.xml
		INJECTED from src\main\AndroidManifest.xml
	android:minSdkVersion
		ADDED from src\main\AndroidManifest.xml:8:9-34
		INJECTED from src\main\AndroidManifest.xml
		INJECTED from src\main\AndroidManifest.xml
uses-permission#android.permission.VIBRATE
ADDED from src\main\AndroidManifest.xml:11:5-66
	android:name
		ADDED from src\main\AndroidManifest.xml:11:22-63
uses-permission#android.permission.CALL_PHONE
ADDED from src\main\AndroidManifest.xml:12:5-69
	android:name
		ADDED from src\main\AndroidManifest.xml:12:22-66
uses-permission#android.permission.WAKE_LOCK
ADDED from src\main\AndroidManifest.xml:13:5-68
	android:name
		ADDED from src\main\AndroidManifest.xml:13:22-65
uses-permission#android.permission.WRITE_SETTINGS
ADDED from src\main\AndroidManifest.xml:14:5-73
	android:name
		ADDED from src\main\AndroidManifest.xml:14:22-70
uses-permission#android.permission.DISABLE_KEYGUARD
ADDED from src\main\AndroidManifest.xml:15:5-75
	android:name
		ADDED from src\main\AndroidManifest.xml:15:22-72
application
ADDED from src\main\AndroidManifest.xml:17:5-109:19
	android:label
		ADDED from src\main\AndroidManifest.xml:20:9-41
	android:icon
		ADDED from src\main\AndroidManifest.xml:19:9-45
	android:allowBackup
		ADDED from src\main\AndroidManifest.xml:18:9-35
	android:theme
		ADDED from src\main\AndroidManifest.xml:21:9-40
activity#com.along.friendlyreminder.MainActivity
ADDED from src\main\AndroidManifest.xml:22:9-31:20
	android:label
		ADDED from src\main\AndroidManifest.xml:24:13-45
	android:theme
		ADDED from src\main\AndroidManifest.xml:25:13-49
	android:name
		ADDED from src\main\AndroidManifest.xml:23:13-41
intent-filter#android.intent.action.MAIN+android.intent.category.LAUNCHER
ADDED from src\main\AndroidManifest.xml:26:13-30:29
action#android.intent.action.MAIN
ADDED from src\main\AndroidManifest.xml:27:17-69
	android:name
		ADDED from src\main\AndroidManifest.xml:27:25-66
category#android.intent.category.LAUNCHER
ADDED from src\main\AndroidManifest.xml:29:17-77
	android:name
		ADDED from src\main\AndroidManifest.xml:29:27-74
activity#com.along.friendlyreminder.AccelerometerActivity
ADDED from src\main\AndroidManifest.xml:32:9-36:20
	android:label
		ADDED from src\main\AndroidManifest.xml:34:13-45
	android:theme
		ADDED from src\main\AndroidManifest.xml:35:13-49
	android:name
		ADDED from src\main\AndroidManifest.xml:33:13-50
activity#com.along.friendlyreminder.AmbientActivity
ADDED from src\main\AndroidManifest.xml:37:9-41:20
	android:label
		ADDED from src\main\AndroidManifest.xml:39:13-45
	android:theme
		ADDED from src\main\AndroidManifest.xml:40:13-49
	android:name
		ADDED from src\main\AndroidManifest.xml:38:13-44
activity#com.along.friendlyreminder.GravityActivity
ADDED from src\main\AndroidManifest.xml:42:9-46:20
	android:label
		ADDED from src\main\AndroidManifest.xml:44:13-45
	android:theme
		ADDED from src\main\AndroidManifest.xml:45:13-49
	android:name
		ADDED from src\main\AndroidManifest.xml:43:13-44
activity#com.along.friendlyreminder.GyroscopeActivity
ADDED from src\main\AndroidManifest.xml:47:9-51:20
	android:label
		ADDED from src\main\AndroidManifest.xml:49:13-45
	android:theme
		ADDED from src\main\AndroidManifest.xml:50:13-49
	android:name
		ADDED from src\main\AndroidManifest.xml:48:13-46
activity#com.along.friendlyreminder.LightActivity
ADDED from src\main\AndroidManifest.xml:52:9-56:20
	android:label
		ADDED from src\main\AndroidManifest.xml:54:13-45
	android:theme
		ADDED from src\main\AndroidManifest.xml:55:13-49
	android:name
		ADDED from src\main\AndroidManifest.xml:53:13-42
activity#com.along.friendlyreminder.LinearActivity
ADDED from src\main\AndroidManifest.xml:57:9-61:20
	android:label
		ADDED from src\main\AndroidManifest.xml:59:13-45
	android:theme
		ADDED from src\main\AndroidManifest.xml:60:13-49
	android:name
		ADDED from src\main\AndroidManifest.xml:58:13-43
activity#com.along.friendlyreminder.MagneticFieldActivity
ADDED from src\main\AndroidManifest.xml:62:9-66:20
	android:label
		ADDED from src\main\AndroidManifest.xml:64:13-45
	android:theme
		ADDED from src\main\AndroidManifest.xml:65:13-49
	android:name
		ADDED from src\main\AndroidManifest.xml:63:13-50
activity#com.along.friendlyreminder.OrientationActivity
ADDED from src\main\AndroidManifest.xml:67:9-71:20
	android:label
		ADDED from src\main\AndroidManifest.xml:69:13-45
	android:theme
		ADDED from src\main\AndroidManifest.xml:70:13-49
	android:name
		ADDED from src\main\AndroidManifest.xml:68:13-48
activity#com.along.friendlyreminder.PressureActivity
ADDED from src\main\AndroidManifest.xml:72:9-76:20
	android:label
		ADDED from src\main\AndroidManifest.xml:74:13-45
	android:theme
		ADDED from src\main\AndroidManifest.xml:75:13-49
	android:name
		ADDED from src\main\AndroidManifest.xml:73:13-45
activity#com.along.friendlyreminder.ProximityActivity
ADDED from src\main\AndroidManifest.xml:77:9-81:20
	android:label
		ADDED from src\main\AndroidManifest.xml:79:13-45
	android:theme
		ADDED from src\main\AndroidManifest.xml:80:13-49
	android:name
		ADDED from src\main\AndroidManifest.xml:78:13-46
activity#com.along.friendlyreminder.RotationActivity
ADDED from src\main\AndroidManifest.xml:82:9-86:20
	android:label
		ADDED from src\main\AndroidManifest.xml:84:13-45
	android:theme
		ADDED from src\main\AndroidManifest.xml:85:13-49
	android:name
		ADDED from src\main\AndroidManifest.xml:83:13-45
activity#com.along.friendlyreminder.my.MyOrientationActivity
ADDED from src\main\AndroidManifest.xml:87:9-91:20
	android:label
		ADDED from src\main\AndroidManifest.xml:89:13-45
	android:theme
		ADDED from src\main\AndroidManifest.xml:90:13-49
	android:name
		ADDED from src\main\AndroidManifest.xml:88:13-79
activity#com.along.friendlyreminder.my.MyNewAmbientActivity
ADDED from src\main\AndroidManifest.xml:92:9-95:52
	android:label
		ADDED from src\main\AndroidManifest.xml:94:13-45
	android:theme
		ADDED from src\main\AndroidManifest.xml:95:13-49
	android:name
		ADDED from src\main\AndroidManifest.xml:93:13-78
activity#com.along.friendlyreminder.speak.VoiceRecognitionActivity
ADDED from src\main\AndroidManifest.xml:96:9-94
	android:name
		ADDED from src\main\AndroidManifest.xml:96:19-91
receiver#com.along.friendlyreminder.app.DeviceAdminSample$DeviceAdminSampleReceiver
ADDED from src\main\AndroidManifest.xml:98:9-108:20
	android:permission
		ADDED from src\main\AndroidManifest.xml:100:13-70
	android:name
		ADDED from src\main\AndroidManifest.xml:99:13-76
meta-data#android.app.device_admin
ADDED from src\main\AndroidManifest.xml:101:13-103:52
	android:resource
		ADDED from src\main\AndroidManifest.xml:103:17-49
	android:name
		ADDED from src\main\AndroidManifest.xml:102:17-56
intent-filter#android.app.action.DEVICE_ADMIN_ENABLED
ADDED from src\main\AndroidManifest.xml:105:13-107:29
action#android.app.action.DEVICE_ADMIN_ENABLED
ADDED from src\main\AndroidManifest.xml:106:17-82
	android:name
		ADDED from src\main\AndroidManifest.xml:106:25-79